# JRE version: OpenJDK Runtime Environment (11.0.12+7) (build 11.0.12+7-b1504.28-7817840)
# Java VM: OpenJDK 64-Bit Server VM (11.0.12+7-b1504.28-7817840, mixed mode, tiered, compressed oops, g1 gc, windows-amd64)
Heap:
 garbage-first heap   total 195584K, used 122317K [0x0000000080000000, 0x0000000100000000)
  region size 1024K, 57 young (58368K), 9 survivors (9216K)
 Metaspace       used 91167K, capacity 93826K, committed 93948K, reserved 1130496K
  class space    used 11892K, capacity 12878K, committed 12928K, reserved 1048576K
GC Heap History (20 events):
Event: 6.482 GC heap before
{Heap before GC invocations=9 (full 0):
 garbage-first heap   total 135168K, used 85463K [0x0000000080000000, 0x0000000100000000)
  region size 1024K, 63 young (64512K), 7 survivors (7168K)
 Metaspace       used 44136K, capacity 45128K, committed 45308K, reserved 1089536K
  class space    used 5629K, capacity 6016K, committed 6016K, reserved 1048576K
}
Event: 6.491 GC heap after
{Heap after GC invocations=10 (full 0):
 garbage-first heap   total 135168K, used 30331K [0x0000000080000000, 0x0000000100000000)
  region size 1024K, 7 young (7168K), 7 survivors (7168K)
 Metaspace       used 44136K, capacity 45128K, committed 45308K, reserved 1089536K
  class space    used 5629K, capacity 6016K, committed 6016K, reserved 1048576K
}
Event: 7.412 GC heap before
{Heap before GC invocations=10 (full 0):
 garbage-first heap   total 135168K, used 88699K [0x0000000080000000, 0x0000000100000000)
  region size 1024K, 64 young (65536K), 7 survivors (7168K)
 Metaspace       used 48240K, capacity 49549K, committed 49660K, reserved 1091584K
  class space    used 6198K, capacity 6705K, committed 6784K, reserved 1048576K
}
Event: 7.421 GC heap after
{Heap after GC invocations=11 (full 0):
 garbage-first heap   total 135168K, used 32495K [0x0000000080000000, 0x0000000100000000)
  region size 1024K, 6 young (6144K), 6 survivors (6144K)
 Metaspace       used 48240K, capacity 49549K, committed 49660K, reserved 1091584K
  class space    used 6198K, capacity 6705K, committed 6784K, reserved 1048576K
}
Event: 8.602 GC heap before
{Heap before GC invocations=11 (full 0):
 garbage-first heap   total 135168K, used 94959K [0x0000000080000000, 0x0000000100000000)
  region size 1024K, 64 young (65536K), 6 survivors (6144K)
 Metaspace       used 52105K, capacity 53398K, committed 53628K, reserved 1095680K
  class space    used 6655K, capacity 7158K, committed 7168K, reserved 1048576K
}
Event: 8.614 GC heap after
{Heap after GC invocations=12 (full 0):
 garbage-first heap   total 135168K, used 44513K [0x0000000080000000, 0x0000000100000000)
  region size 1024K, 8 young (8192K), 8 survivors (8192K)
 Metaspace       used 52105K, capacity 53398K, committed 53628K, reserved 1095680K
  class space    used 6655K, capacity 7158K, committed 7168K, reserved 1048576K
}
Event: 9.784 GC heap before
{Heap before GC invocations=12 (full 0):
 garbage-first heap   total 135168K, used 88545K [0x0000000080000000, 0x0000000100000000)
  region size 1024K, 52 young (53248K), 8 survivors (8192K)
 Metaspace       used 58443K, capacity 59825K, committed 59900K, reserved 1101824K
  class space    used 7446K, capacity 7994K, committed 8064K, reserved 1048576K
}
Event: 9.810 GC heap after
{Heap after GC invocations=13 (full 0):
 garbage-first heap   total 162816K, used 46822K [0x0000000080000000, 0x0000000100000000)
  region size 1024K, 2 young (2048K), 2 survivors (2048K)
 Metaspace       used 58443K, capacity 59825K, committed 59900K, reserved 1101824K
  class space    used 7446K, capacity 7994K, committed 8064K, reserved 1048576K
}
Event: 11.056 GC heap before
{Heap before GC invocations=14 (full 0):
 garbage-first heap   total 162816K, used 107238K [0x0000000080000000, 0x0000000100000000)
  region size 1024K, 62 young (63488K), 2 survivors (2048K)
 Metaspace       used 64817K, capacity 66383K, committed 66556K, reserved 1107968K
  class space    used 8237K, capacity 8829K, committed 8832K, reserved 1048576K
}
Event: 11.064 GC heap after
{Heap after GC invocations=15 (full 0):
 garbage-first heap   total 162816K, used 51576K [0x0000000080000000, 0x0000000100000000)
  region size 1024K, 7 young (7168K), 7 survivors (7168K)
 Metaspace       used 64817K, capacity 66383K, committed 66556K, reserved 1107968K
  class space    used 8237K, capacity 8829K, committed 8832K, reserved 1048576K
}
Event: 11.915 GC heap before
{Heap before GC invocations=15 (full 0):
 garbage-first heap   total 162816K, used 114040K [0x0000000080000000, 0x0000000100000000)
  region size 1024K, 67 young (68608K), 7 survivors (7168K)
 Metaspace       used 68023K, capacity 69697K, committed 69884K, reserved 1110016K
  class space    used 8715K, capacity 9328K, committed 9344K, reserved 1048576K
}
Event: 11.935 GC heap after
{Heap after GC invocations=16 (full 0):
 garbage-first heap   total 162816K, used 56065K [0x0000000080000000, 0x0000000100000000)
  region size 1024K, 5 young (5120K), 5 survivors (5120K)
 Metaspace       used 68023K, capacity 69697K, committed 69884K, reserved 1110016K
  class space    used 8715K, capacity 9328K, committed 9344K, reserved 1048576K
}
Event: 14.748 GC heap before
{Heap before GC invocations=16 (full 0):
 garbage-first heap   total 162816K, used 117505K [0x0000000080000000, 0x0000000100000000)
  region size 1024K, 65 young (66560K), 5 survivors (5120K)
 Metaspace       used 73818K, capacity 75641K, committed 75772K, reserved 1114112K
  class space    used 9633K, capacity 10326K, committed 10368K, reserved 1048576K
}
Event: 14.758 GC heap after
{Heap after GC invocations=17 (full 0):
 garbage-first heap   total 162816K, used 59786K [0x0000000080000000, 0x0000000100000000)
  region size 1024K, 9 young (9216K), 9 survivors (9216K)
 Metaspace       used 73818K, capacity 75641K, committed 75772K, reserved 1114112K
  class space    used 9633K, capacity 10326K, committed 10368K, reserved 1048576K
}
Event: 17.369 GC heap before
{Heap before GC invocations=17 (full 0):
 garbage-first heap   total 162816K, used 121226K [0x0000000080000000, 0x0000000100000000)
  region size 1024K, 69 young (70656K), 9 survivors (9216K)
 Metaspace       used 80701K, capacity 82847K, committed 83068K, reserved 1120256K
  class space    used 10638K, capacity 11456K, committed 11520K, reserved 1048576K
}
Event: 17.386 GC heap after
{Heap after GC invocations=18 (full 0):
 garbage-first heap   total 162816K, used 63954K [0x0000000080000000, 0x0000000100000000)
  region size 1024K, 9 young (9216K), 9 survivors (9216K)
 Metaspace       used 80701K, capacity 82847K, committed 83068K, reserved 1120256K
  class space    used 10638K, capacity 11456K, committed 11520K, reserved 1048576K
}
Event: 20.836 GC heap before
{Heap before GC invocations=18 (full 0):
 garbage-first heap   total 162816K, used 123346K [0x0000000080000000, 0x0000000100000000)
  region size 1024K, 68 young (69632K), 9 survivors (9216K)
 Metaspace       used 82274K, capacity 84604K, committed 84604K, reserved 1122304K
  class space    used 10864K, capacity 11776K, committed 11776K, reserved 1048576K
}
Event: 20.859 GC heap after
{Heap after GC invocations=19 (full 0):
 garbage-first heap   total 162816K, used 68465K [0x0000000080000000, 0x0000000100000000)
  region size 1024K, 9 young (9216K), 9 survivors (9216K)
 Metaspace       used 82274K, capacity 84604K, committed 84604K, reserved 1122304K
  class space    used 10864K, capacity 11776K, committed 11776K, reserved 1048576K
}
Event: 23.079 GC heap before
{Heap before GC invocations=19 (full 0):
 garbage-first heap   total 162816K, used 126833K [0x0000000080000000, 0x0000000100000000)
  region size 1024K, 67 young (68608K), 9 survivors (9216K)
 Metaspace       used 84901K, capacity 87263K, committed 87548K, reserved 1124352K
  class space    used 11122K, capacity 12034K, committed 12160K, reserved 1048576K
}
Event: 23.102 GC heap after
{Heap after GC invocations=20 (full 0):
 garbage-first heap   total 195584K, used 73165K [0x0000000080000000, 0x0000000100000000)
  region size 1024K, 9 young (9216K), 9 survivors (9216K)
 Metaspace       used 84901K, capacity 87263K, committed 87548K, reserved 1124352K
  class space    used 11122K, capacity 12034K, committed 12160K, reserved 1048576K
}

