# JRE version: OpenJDK Runtime Environment (11.0.12+7) (build 11.0.12+7-b1504.28-7817840)
# Java VM: OpenJDK 64-Bit Server VM (11.0.12+7-b1504.28-7817840, mixed mode, tiered, compressed oops, g1 gc, windows-amd64)
Heap:
 garbage-first heap   total 195584K, used 123762K [0x0000000080000000, 0x0000000100000000)
  region size 1024K, 73 young (74752K), 4 survivors (4096K)
 Metaspace       used 44557K, capacity 45713K, committed 45824K, reserved 1089536K
  class space    used 5687K, capacity 6093K, committed 6144K, reserved 1048576K
GC Heap History (20 events):
Event: 9.016 GC heap before
{Heap before GC invocations=22 (full 0):
 garbage-first heap   total 135168K, used 104452K [0x0000000080000000, 0x0000000100000000)
  region size 1024K, 53 young (54272K), 2 survivors (2048K)
 Metaspace       used 44374K, capacity 45443K, committed 45568K, reserved 1089536K
  class space    used 5660K, capacity 6074K, committed 6144K, reserved 1048576K
}
Event: 9.019 GC heap after
{Heap after GC invocations=23 (full 0):
 garbage-first heap   total 135168K, used 52547K [0x0000000080000000, 0x0000000100000000)
  region size 1024K, 2 young (2048K), 2 survivors (2048K)
 Metaspace       used 44374K, capacity 45443K, committed 45568K, reserved 1089536K
  class space    used 5660K, capacity 6074K, committed 6144K, reserved 1048576K
}
Event: 9.194 GC heap before
{Heap before GC invocations=23 (full 0):
 garbage-first heap   total 135168K, used 105795K [0x0000000080000000, 0x0000000100000000)
  region size 1024K, 54 young (55296K), 2 survivors (2048K)
 Metaspace       used 44374K, capacity 45443K, committed 45568K, reserved 1089536K
  class space    used 5660K, capacity 6074K, committed 6144K, reserved 1048576K
}
Event: 9.197 GC heap after
{Heap after GC invocations=24 (full 0):
 garbage-first heap   total 135168K, used 53264K [0x0000000080000000, 0x0000000100000000)
  region size 1024K, 3 young (3072K), 3 survivors (3072K)
 Metaspace       used 44374K, capacity 45443K, committed 45568K, reserved 1089536K
  class space    used 5660K, capacity 6074K, committed 6144K, reserved 1048576K
}
Event: 9.373 GC heap before
{Heap before GC invocations=24 (full 0):
 garbage-first heap   total 135168K, used 106512K [0x0000000080000000, 0x0000000100000000)
  region size 1024K, 55 young (56320K), 3 survivors (3072K)
 Metaspace       used 44374K, capacity 45443K, committed 45568K, reserved 1089536K
  class space    used 5660K, capacity 6074K, committed 6144K, reserved 1048576K
}
Event: 9.376 GC heap after
{Heap after GC invocations=25 (full 0):
 garbage-first heap   total 135168K, used 53555K [0x0000000080000000, 0x0000000100000000)
  region size 1024K, 3 young (3072K), 3 survivors (3072K)
 Metaspace       used 44374K, capacity 45443K, committed 45568K, reserved 1089536K
  class space    used 5660K, capacity 6074K, committed 6144K, reserved 1048576K
}
Event: 9.613 GC heap before
{Heap before GC invocations=25 (full 0):
 garbage-first heap   total 135168K, used 107827K [0x0000000080000000, 0x0000000100000000)
  region size 1024K, 56 young (57344K), 3 survivors (3072K)
 Metaspace       used 44374K, capacity 45443K, committed 45568K, reserved 1089536K
  class space    used 5660K, capacity 6074K, committed 6144K, reserved 1048576K
}
Event: 9.617 GC heap after
{Heap after GC invocations=26 (full 0):
 garbage-first heap   total 162816K, used 54073K [0x0000000080000000, 0x0000000100000000)
  region size 1024K, 4 young (4096K), 4 survivors (4096K)
 Metaspace       used 44374K, capacity 45443K, committed 45568K, reserved 1089536K
  class space    used 5660K, capacity 6074K, committed 6144K, reserved 1048576K
}
Event: 9.882 GC heap before
{Heap before GC invocations=26 (full 0):
 garbage-first heap   total 162816K, used 117561K [0x0000000080000000, 0x0000000100000000)
  region size 1024K, 66 young (67584K), 4 survivors (4096K)
 Metaspace       used 44374K, capacity 45443K, committed 45568K, reserved 1089536K
  class space    used 5660K, capacity 6074K, committed 6144K, reserved 1048576K
}
Event: 9.886 GC heap after
{Heap after GC invocations=27 (full 0):
 garbage-first heap   total 162816K, used 54778K [0x0000000080000000, 0x0000000100000000)
  region size 1024K, 5 young (5120K), 5 survivors (5120K)
 Metaspace       used 44374K, capacity 45443K, committed 45568K, reserved 1089536K
  class space    used 5660K, capacity 6074K, committed 6144K, reserved 1048576K
}
Event: 10.113 GC heap before
{Heap before GC invocations=27 (full 0):
 garbage-first heap   total 162816K, used 120314K [0x0000000080000000, 0x0000000100000000)
  region size 1024K, 69 young (70656K), 5 survivors (5120K)
 Metaspace       used 44374K, capacity 45443K, committed 45568K, reserved 1089536K
  class space    used 5660K, capacity 6074K, committed 6144K, reserved 1048576K
}
Event: 10.118 GC heap after
{Heap after GC invocations=28 (full 0):
 garbage-first heap   total 162816K, used 55290K [0x0000000080000000, 0x0000000100000000)
  region size 1024K, 5 young (5120K), 5 survivors (5120K)
 Metaspace       used 44374K, capacity 45443K, committed 45568K, reserved 1089536K
  class space    used 5660K, capacity 6074K, committed 6144K, reserved 1048576K
}
Event: 10.372 GC heap before
{Heap before GC invocations=28 (full 0):
 garbage-first heap   total 162816K, used 125946K [0x0000000080000000, 0x0000000100000000)
  region size 1024K, 74 young (75776K), 5 survivors (5120K)
 Metaspace       used 44374K, capacity 45443K, committed 45568K, reserved 1089536K
  class space    used 5660K, capacity 6074K, committed 6144K, reserved 1048576K
}
Event: 10.376 GC heap after
{Heap after GC invocations=29 (full 0):
 garbage-first heap   total 162816K, used 55978K [0x0000000080000000, 0x0000000100000000)
  region size 1024K, 6 young (6144K), 6 survivors (6144K)
 Metaspace       used 44374K, capacity 45443K, committed 45568K, reserved 1089536K
  class space    used 5660K, capacity 6074K, committed 6144K, reserved 1048576K
}
Event: 11.082 GC heap before
{Heap before GC invocations=29 (full 0):
 garbage-first heap   total 162816K, used 126634K [0x0000000080000000, 0x0000000100000000)
  region size 1024K, 75 young (76800K), 6 survivors (6144K)
 Metaspace       used 44541K, capacity 45649K, committed 45824K, reserved 1089536K
  class space    used 5687K, capacity 6093K, committed 6144K, reserved 1048576K
}
Event: 11.086 GC heap after
{Heap after GC invocations=30 (full 0):
 garbage-first heap   total 195584K, used 48589K [0x0000000080000000, 0x0000000100000000)
  region size 1024K, 3 young (3072K), 3 survivors (3072K)
 Metaspace       used 44541K, capacity 45649K, committed 45824K, reserved 1089536K
  class space    used 5687K, capacity 6093K, committed 6144K, reserved 1048576K
}
Event: 11.270 GC heap before
{Heap before GC invocations=30 (full 0):
 garbage-first heap   total 195584K, used 146893K [0x0000000080000000, 0x0000000100000000)
  region size 1024K, 92 young (94208K), 3 survivors (3072K)
 Metaspace       used 44556K, capacity 45713K, committed 45824K, reserved 1089536K
  class space    used 5687K, capacity 6093K, committed 6144K, reserved 1048576K
}
Event: 11.273 GC heap after
{Heap after GC invocations=31 (full 0):
 garbage-first heap   total 195584K, used 53681K [0x0000000080000000, 0x0000000100000000)
  region size 1024K, 4 young (4096K), 4 survivors (4096K)
 Metaspace       used 44556K, capacity 45713K, committed 45824K, reserved 1089536K
  class space    used 5687K, capacity 6093K, committed 6144K, reserved 1048576K
}
Event: 11.454 GC heap before
{Heap before GC invocations=31 (full 0):
 garbage-first heap   total 195584K, used 160177K [0x0000000080000000, 0x0000000100000000)
  region size 1024K, 109 young (111616K), 4 survivors (4096K)
 Metaspace       used 44557K, capacity 45713K, committed 45824K, reserved 1089536K
  class space    used 5687K, capacity 6093K, committed 6144K, reserved 1048576K
}
Event: 11.457 GC heap after
{Heap after GC invocations=32 (full 0):
 garbage-first heap   total 195584K, used 54130K [0x0000000080000000, 0x0000000100000000)
  region size 1024K, 4 young (4096K), 4 survivors (4096K)
 Metaspace       used 44557K, capacity 45713K, committed 45824K, reserved 1089536K
  class space    used 5687K, capacity 6093K, committed 6144K, reserved 1048576K
}

