# JRE version: OpenJDK Runtime Environment (11.0.12+7) (build 11.0.12+7-b1504.28-7817840)
# Java VM: OpenJDK 64-Bit Server VM (11.0.12+7-b1504.28-7817840, mixed mode, tiered, compressed oops, g1 gc, windows-amd64)
Heap:
 garbage-first heap   total 135168K, used 93694K [0x0000000080000000, 0x0000000100000000)
  region size 1024K, 50 young (51200K), 3 survivors (3072K)
 Metaspace       used 63713K, capacity 65202K, committed 65536K, reserved 1105920K
  class space    used 8068K, capacity 8651K, committed 8780K, reserved 1048576K
GC Heap History (20 events):
Event: 2.691 GC heap before
{Heap before GC invocations=1 (full 0):
 garbage-first heap   total 112640K, used 73626K [0x0000000080000000, 0x0000000100000000)
  region size 1024K, 66 young (67584K), 3 survivors (3072K)
 Metaspace       used 15630K, capacity 16016K, committed 16256K, reserved 1062912K
  class space    used 1774K, capacity 1896K, committed 1920K, reserved 1048576K
}
Event: 2.699 GC heap after
{Heap after GC invocations=2 (full 0):
 garbage-first heap   total 112640K, used 15438K [0x0000000080000000, 0x0000000100000000)
  region size 1024K, 9 young (9216K), 9 survivors (9216K)
 Metaspace       used 15630K, capacity 16016K, committed 16256K, reserved 1062912K
  class space    used 1774K, capacity 1896K, committed 1920K, reserved 1048576K
}
Event: 3.495 GC heap before
{Heap before GC invocations=2 (full 0):
 garbage-first heap   total 112640K, used 55374K [0x0000000080000000, 0x0000000100000000)
  region size 1024K, 49 young (50176K), 9 survivors (9216K)
 Metaspace       used 20739K, capacity 21139K, committed 21248K, reserved 1067008K
  class space    used 2540K, capacity 2710K, committed 2816K, reserved 1048576K
}
Event: 3.513 GC heap after
{Heap after GC invocations=3 (full 0):
 garbage-first heap   total 112640K, used 16911K [0x0000000080000000, 0x0000000100000000)
  region size 1024K, 2 young (2048K), 2 survivors (2048K)
 Metaspace       used 20739K, capacity 21139K, committed 21248K, reserved 1067008K
  class space    used 2540K, capacity 2710K, committed 2816K, reserved 1048576K
}
Event: 4.226 GC heap before
{Heap before GC invocations=4 (full 0):
 garbage-first heap   total 112640K, used 67087K [0x0000000080000000, 0x0000000100000000)
  region size 1024K, 51 young (52224K), 2 survivors (2048K)
 Metaspace       used 25900K, capacity 26455K, committed 26624K, reserved 1073152K
  class space    used 3345K, capacity 3551K, committed 3584K, reserved 1048576K
}
Event: 4.233 GC heap after
{Heap after GC invocations=5 (full 0):
 garbage-first heap   total 112640K, used 18715K [0x0000000080000000, 0x0000000100000000)
  region size 1024K, 4 young (4096K), 4 survivors (4096K)
 Metaspace       used 25900K, capacity 26455K, committed 26624K, reserved 1073152K
  class space    used 3345K, capacity 3551K, committed 3584K, reserved 1048576K
}
Event: 5.088 GC heap before
{Heap before GC invocations=5 (full 0):
 garbage-first heap   total 112640K, used 71963K [0x0000000080000000, 0x0000000100000000)
  region size 1024K, 56 young (57344K), 4 survivors (4096K)
 Metaspace       used 31373K, capacity 32042K, committed 32128K, reserved 1077248K
  class space    used 4181K, capacity 4441K, committed 4480K, reserved 1048576K
}
Event: 5.093 GC heap after
{Heap after GC invocations=6 (full 0):
 garbage-first heap   total 112640K, used 20232K [0x0000000080000000, 0x0000000100000000)
  region size 1024K, 6 young (6144K), 6 survivors (6144K)
 Metaspace       used 31373K, capacity 32042K, committed 32128K, reserved 1077248K
  class space    used 4181K, capacity 4441K, committed 4480K, reserved 1048576K
}
Event: 5.404 GC heap before
{Heap before GC invocations=6 (full 0):
 garbage-first heap   total 112640K, used 29448K [0x0000000080000000, 0x0000000100000000)
  region size 1024K, 16 young (16384K), 6 survivors (6144K)
 Metaspace       used 35015K, capacity 35790K, committed 35840K, reserved 1081344K
  class space    used 4531K, capacity 4839K, committed 4864K, reserved 1048576K
}
Event: 5.413 GC heap after
{Heap after GC invocations=7 (full 0):
 garbage-first heap   total 112640K, used 22128K [0x0000000080000000, 0x0000000100000000)
  region size 1024K, 6 young (6144K), 6 survivors (6144K)
 Metaspace       used 35015K, capacity 35790K, committed 35840K, reserved 1081344K
  class space    used 4531K, capacity 4839K, committed 4864K, reserved 1048576K
}
Event: 6.117 GC heap before
{Heap before GC invocations=8 (full 0):
 garbage-first heap   total 112640K, used 80496K [0x0000000080000000, 0x0000000100000000)
  region size 1024K, 61 young (62464K), 6 survivors (6144K)
 Metaspace       used 39604K, capacity 40510K, committed 40780K, reserved 1085440K
  class space    used 5046K, capacity 5386K, committed 5452K, reserved 1048576K
}
Event: 6.128 GC heap after
{Heap after GC invocations=9 (full 0):
 garbage-first heap   total 112640K, used 27216K [0x0000000080000000, 0x0000000100000000)
  region size 1024K, 8 young (8192K), 8 survivors (8192K)
 Metaspace       used 39604K, capacity 40510K, committed 40780K, reserved 1085440K
  class space    used 5046K, capacity 5386K, committed 5452K, reserved 1048576K
}
Event: 6.884 GC heap before
{Heap before GC invocations=9 (full 0):
 garbage-first heap   total 112640K, used 81488K [0x0000000080000000, 0x0000000100000000)
  region size 1024K, 61 young (62464K), 8 survivors (8192K)
 Metaspace       used 44689K, capacity 45744K, committed 45900K, reserved 1089536K
  class space    used 5716K, capacity 6096K, committed 6220K, reserved 1048576K
}
Event: 6.895 GC heap after
{Heap after GC invocations=10 (full 0):
 garbage-first heap   total 135168K, used 29549K [0x0000000080000000, 0x0000000100000000)
  region size 1024K, 3 young (3072K), 3 survivors (3072K)
 Metaspace       used 44689K, capacity 45744K, committed 45900K, reserved 1089536K
  class space    used 5716K, capacity 6096K, committed 6220K, reserved 1048576K
}
Event: 7.920 GC heap before
{Heap before GC invocations=10 (full 0):
 garbage-first heap   total 135168K, used 95085K [0x0000000080000000, 0x0000000100000000)
  region size 1024K, 67 young (68608K), 3 survivors (3072K)
 Metaspace       used 48426K, capacity 49689K, committed 49740K, reserved 1091584K
  class space    used 6205K, capacity 6707K, committed 6732K, reserved 1048576K
}
Event: 7.927 GC heap after
{Heap after GC invocations=11 (full 0):
 garbage-first heap   total 135168K, used 31289K [0x0000000080000000, 0x0000000100000000)
  region size 1024K, 5 young (5120K), 5 survivors (5120K)
 Metaspace       used 48426K, capacity 49689K, committed 49740K, reserved 1091584K
  class space    used 6205K, capacity 6707K, committed 6732K, reserved 1048576K
}
Event: 9.282 GC heap before
{Heap before GC invocations=11 (full 0):
 garbage-first heap   total 135168K, used 99897K [0x0000000080000000, 0x0000000100000000)
  region size 1024K, 69 young (70656K), 5 survivors (5120K)
 Metaspace       used 53918K, capacity 55257K, committed 55372K, reserved 1097728K
  class space    used 6873K, capacity 7415K, committed 7500K, reserved 1048576K
}
Event: 9.295 GC heap after
{Heap after GC invocations=12 (full 0):
 garbage-first heap   total 135168K, used 43439K [0x0000000080000000, 0x0000000100000000)
  region size 1024K, 9 young (9216K), 9 survivors (9216K)
 Metaspace       used 53918K, capacity 55257K, committed 55372K, reserved 1097728K
  class space    used 6873K, capacity 7415K, committed 7500K, reserved 1048576K
}
Event: 9.917 GC heap before
{Heap before GC invocations=12 (full 0):
 garbage-first heap   total 135168K, used 75183K [0x0000000080000000, 0x0000000100000000)
  region size 1024K, 41 young (41984K), 9 survivors (9216K)
 Metaspace       used 58717K, capacity 60094K, committed 60288K, reserved 1101824K
  class space    used 7470K, capacity 8020K, committed 8140K, reserved 1048576K
}
Event: 9.930 GC heap after
{Heap after GC invocations=13 (full 0):
 garbage-first heap   total 135168K, used 45566K [0x0000000080000000, 0x0000000100000000)
  region size 1024K, 2 young (2048K), 2 survivors (2048K)
 Metaspace       used 58717K, capacity 60094K, committed 60288K, reserved 1101824K
  class space    used 7470K, capacity 8020K, committed 8140K, reserved 1048576K
}

