# JRE version: OpenJDK Runtime Environment (11.0.12+7) (build 11.0.12+7-b1504.28-7817840)
# Java VM: OpenJDK 64-Bit Server VM (11.0.12+7-b1504.28-7817840, mixed mode, tiered, compressed oops, g1 gc, windows-amd64)
Heap:
 garbage-first heap   total 348160K, used 166544K [0x0000000080000000, 0x0000000100000000)
  region size 1024K, 117 young (119808K), 7 survivors (7168K)
 Metaspace       used 44579K, capacity 45701K, committed 45824K, reserved 1089536K
  class space    used 5687K, capacity 6091K, committed 6144K, reserved 1048576K
GC Heap History (20 events):
Event: 8.989 GC heap before
{Heap before GC invocations=27 (full 0):
 garbage-first heap   total 171008K, used 89703K [0x0000000080000000, 0x0000000100000000)
  region size 1024K, 41 young (41984K), 2 survivors (2048K)
 Metaspace       used 44535K, capacity 45701K, committed 45824K, reserved 1089536K
  class space    used 5686K, capacity 6091K, committed 6144K, reserved 1048576K
}
Event: 8.992 GC heap after
{Heap after GC invocations=28 (full 0):
 garbage-first heap   total 233472K, used 50013K [0x0000000080000000, 0x0000000100000000)
  region size 1024K, 2 young (2048K), 2 survivors (2048K)
 Metaspace       used 44535K, capacity 45701K, committed 45824K, reserved 1089536K
  class space    used 5686K, capacity 6091K, committed 6144K, reserved 1048576K
}
Event: 9.112 GC heap before
{Heap before GC invocations=28 (full 0):
 garbage-first heap   total 233472K, used 96093K [0x0000000080000000, 0x0000000100000000)
  region size 1024K, 48 young (49152K), 2 survivors (2048K)
 Metaspace       used 44535K, capacity 45701K, committed 45824K, reserved 1089536K
  class space    used 5686K, capacity 6091K, committed 6144K, reserved 1048576K
}
Event: 9.115 GC heap after
{Heap after GC invocations=29 (full 0):
 garbage-first heap   total 233472K, used 50364K [0x0000000080000000, 0x0000000100000000)
  region size 1024K, 2 young (2048K), 2 survivors (2048K)
 Metaspace       used 44535K, capacity 45701K, committed 45824K, reserved 1089536K
  class space    used 5686K, capacity 6091K, committed 6144K, reserved 1048576K
}
Event: 9.281 GC heap before
{Heap before GC invocations=29 (full 0):
 garbage-first heap   total 233472K, used 105660K [0x0000000080000000, 0x0000000100000000)
  region size 1024K, 56 young (57344K), 2 survivors (2048K)
 Metaspace       used 44538K, capacity 45701K, committed 45824K, reserved 1089536K
  class space    used 5686K, capacity 6091K, committed 6144K, reserved 1048576K
}
Event: 9.285 GC heap after
{Heap after GC invocations=30 (full 0):
 garbage-first heap   total 233472K, used 50875K [0x0000000080000000, 0x0000000100000000)
  region size 1024K, 3 young (3072K), 3 survivors (3072K)
 Metaspace       used 44538K, capacity 45701K, committed 45824K, reserved 1089536K
  class space    used 5686K, capacity 6091K, committed 6144K, reserved 1048576K
}
Event: 9.425 GC heap before
{Heap before GC invocations=30 (full 0):
 garbage-first heap   total 233472K, used 115387K [0x0000000080000000, 0x0000000100000000)
  region size 1024K, 66 young (67584K), 3 survivors (3072K)
 Metaspace       used 44541K, capacity 45701K, committed 45824K, reserved 1089536K
  class space    used 5686K, capacity 6091K, committed 6144K, reserved 1048576K
}
Event: 9.427 GC heap after
{Heap after GC invocations=31 (full 0):
 garbage-first heap   total 233472K, used 51466K [0x0000000080000000, 0x0000000100000000)
  region size 1024K, 3 young (3072K), 3 survivors (3072K)
 Metaspace       used 44541K, capacity 45701K, committed 45824K, reserved 1089536K
  class space    used 5686K, capacity 6091K, committed 6144K, reserved 1048576K
}
Event: 9.554 GC heap before
{Heap before GC invocations=31 (full 0):
 garbage-first heap   total 233472K, used 127242K [0x0000000080000000, 0x0000000100000000)
  region size 1024K, 77 young (78848K), 3 survivors (3072K)
 Metaspace       used 44542K, capacity 45701K, committed 45824K, reserved 1089536K
  class space    used 5686K, capacity 6091K, committed 6144K, reserved 1048576K
}
Event: 9.559 GC heap after
{Heap after GC invocations=32 (full 0):
 garbage-first heap   total 289792K, used 52081K [0x0000000080000000, 0x0000000100000000)
  region size 1024K, 4 young (4096K), 4 survivors (4096K)
 Metaspace       used 44542K, capacity 45701K, committed 45824K, reserved 1089536K
  class space    used 5686K, capacity 6091K, committed 6144K, reserved 1048576K
}
Event: 9.754 GC heap before
{Heap before GC invocations=32 (full 0):
 garbage-first heap   total 289792K, used 136049K [0x0000000080000000, 0x0000000100000000)
  region size 1024K, 86 young (88064K), 4 survivors (4096K)
 Metaspace       used 44542K, capacity 45701K, committed 45824K, reserved 1089536K
  class space    used 5686K, capacity 6091K, committed 6144K, reserved 1048576K
}
Event: 9.757 GC heap after
{Heap after GC invocations=33 (full 0):
 garbage-first heap   total 289792K, used 53017K [0x0000000080000000, 0x0000000100000000)
  region size 1024K, 5 young (5120K), 5 survivors (5120K)
 Metaspace       used 44542K, capacity 45701K, committed 45824K, reserved 1089536K
  class space    used 5686K, capacity 6091K, committed 6144K, reserved 1048576K
}
Event: 10.003 GC heap before
{Heap before GC invocations=33 (full 0):
 garbage-first heap   total 289792K, used 172825K [0x0000000080000000, 0x0000000100000000)
  region size 1024K, 123 young (125952K), 5 survivors (5120K)
 Metaspace       used 44542K, capacity 45701K, committed 45824K, reserved 1089536K
  class space    used 5686K, capacity 6091K, committed 6144K, reserved 1048576K
}
Event: 10.007 GC heap after
{Heap after GC invocations=34 (full 0):
 garbage-first heap   total 289792K, used 53739K [0x0000000080000000, 0x0000000100000000)
  region size 1024K, 5 young (5120K), 5 survivors (5120K)
 Metaspace       used 44542K, capacity 45701K, committed 45824K, reserved 1089536K
  class space    used 5686K, capacity 6091K, committed 6144K, reserved 1048576K
}
Event: 10.486 GC heap before
{Heap before GC invocations=34 (full 0):
 garbage-first heap   total 289792K, used 221675K [0x0000000080000000, 0x0000000100000000)
  region size 1024K, 169 young (173056K), 5 survivors (5120K)
 Metaspace       used 44551K, capacity 45701K, committed 45824K, reserved 1089536K
  class space    used 5686K, capacity 6091K, committed 6144K, reserved 1048576K
}
Event: 10.490 GC heap after
{Heap after GC invocations=35 (full 0):
 garbage-first heap   total 289792K, used 51501K [0x0000000080000000, 0x0000000100000000)
  region size 1024K, 4 young (4096K), 4 survivors (4096K)
 Metaspace       used 44551K, capacity 45701K, committed 45824K, reserved 1089536K
  class space    used 5686K, capacity 6091K, committed 6144K, reserved 1048576K
}
Event: 11.065 GC heap before
{Heap before GC invocations=35 (full 0):
 garbage-first heap   total 289792K, used 220461K [0x0000000080000000, 0x0000000100000000)
  region size 1024K, 169 young (173056K), 4 survivors (4096K)
 Metaspace       used 44553K, capacity 45701K, committed 45824K, reserved 1089536K
  class space    used 5686K, capacity 6091K, committed 6144K, reserved 1048576K
}
Event: 11.071 GC heap after
{Heap after GC invocations=36 (full 0):
 garbage-first heap   total 348160K, used 52835K [0x0000000080000000, 0x0000000100000000)
  region size 1024K, 5 young (5120K), 5 survivors (5120K)
 Metaspace       used 44553K, capacity 45701K, committed 45824K, reserved 1089536K
  class space    used 5686K, capacity 6091K, committed 6144K, reserved 1048576K
}
Event: 11.796 GC heap before
{Heap before GC invocations=36 (full 0):
 garbage-first heap   total 348160K, used 251491K [0x0000000080000000, 0x0000000100000000)
  region size 1024K, 199 young (203776K), 5 survivors (5120K)
 Metaspace       used 44561K, capacity 45701K, committed 45824K, reserved 1089536K
  class space    used 5687K, capacity 6091K, committed 6144K, reserved 1048576K
}
Event: 11.805 GC heap after
{Heap after GC invocations=37 (full 0):
 garbage-first heap   total 348160K, used 54928K [0x0000000080000000, 0x0000000100000000)
  region size 1024K, 7 young (7168K), 7 survivors (7168K)
 Metaspace       used 44561K, capacity 45701K, committed 45824K, reserved 1089536K
  class space    used 5687K, capacity 6091K, committed 6144K, reserved 1048576K
}

