# JRE version: OpenJDK Runtime Environment (11.0.12+7) (build 11.0.12+7-b1504.28-7817840)
# Java VM: OpenJDK 64-Bit Server VM (11.0.12+7-b1504.28-7817840, mixed mode, tiered, compressed oops, g1 gc, windows-amd64)
Heap:
 garbage-first heap   total 135168K, used 73763K [0x0000000080000000, 0x0000000100000000)
  region size 1024K, 48 young (49152K), 4 survivors (4096K)
 Metaspace       used 47811K, capacity 48870K, committed 49100K, reserved 1091584K
  class space    used 6136K, capacity 6564K, committed 6604K, reserved 1048576K
GC Heap History (16 events):
Event: 1.037 GC heap before
{Heap before GC invocations=0 (full 0):
 garbage-first heap   total 112640K, used 29696K [0x0000000080000000, 0x0000000100000000)
  region size 1024K, 24 young (24576K), 0 survivors (0K)
 Metaspace       used 9865K, capacity 10088K, committed 10368K, reserved 1058816K
  class space    used 1018K, capacity 1069K, committed 1152K, reserved 1048576K
}
Event: 1.046 GC heap after
{Heap after GC invocations=1 (full 0):
 garbage-first heap   total 112640K, used 9103K [0x0000000080000000, 0x0000000100000000)
  region size 1024K, 3 young (3072K), 3 survivors (3072K)
 Metaspace       used 9865K, capacity 10088K, committed 10368K, reserved 1058816K
  class space    used 1018K, capacity 1069K, committed 1152K, reserved 1048576K
}
Event: 2.908 GC heap before
{Heap before GC invocations=1 (full 0):
 garbage-first heap   total 112640K, used 73615K [0x0000000080000000, 0x0000000100000000)
  region size 1024K, 66 young (67584K), 3 survivors (3072K)
 Metaspace       used 15636K, capacity 16016K, committed 16256K, reserved 1062912K
  class space    used 1776K, capacity 1896K, committed 1920K, reserved 1048576K
}
Event: 2.916 GC heap after
{Heap after GC invocations=2 (full 0):
 garbage-first heap   total 112640K, used 15919K [0x0000000080000000, 0x0000000100000000)
  region size 1024K, 9 young (9216K), 9 survivors (9216K)
 Metaspace       used 15636K, capacity 16016K, committed 16256K, reserved 1062912K
  class space    used 1776K, capacity 1896K, committed 1920K, reserved 1048576K
}
Event: 3.549 GC heap before
{Heap before GC invocations=2 (full 0):
 garbage-first heap   total 112640K, used 55855K [0x0000000080000000, 0x0000000100000000)
  region size 1024K, 49 young (50176K), 9 survivors (9216K)
 Metaspace       used 20746K, capacity 21139K, committed 21248K, reserved 1067008K
  class space    used 2540K, capacity 2710K, committed 2816K, reserved 1048576K
}
Event: 3.558 GC heap after
{Heap after GC invocations=3 (full 0):
 garbage-first heap   total 112640K, used 16857K [0x0000000080000000, 0x0000000100000000)
  region size 1024K, 2 young (2048K), 2 survivors (2048K)
 Metaspace       used 20746K, capacity 21139K, committed 21248K, reserved 1067008K
  class space    used 2540K, capacity 2710K, committed 2816K, reserved 1048576K
}
Event: 4.150 GC heap before
{Heap before GC invocations=4 (full 0):
 garbage-first heap   total 112640K, used 67033K [0x0000000080000000, 0x0000000100000000)
  region size 1024K, 51 young (52224K), 2 survivors (2048K)
 Metaspace       used 25908K, capacity 26455K, committed 26624K, reserved 1073152K
  class space    used 3345K, capacity 3551K, committed 3584K, reserved 1048576K
}
Event: 4.154 GC heap after
{Heap after GC invocations=5 (full 0):
 garbage-first heap   total 112640K, used 18538K [0x0000000080000000, 0x0000000100000000)
  region size 1024K, 4 young (4096K), 4 survivors (4096K)
 Metaspace       used 25908K, capacity 26455K, committed 26624K, reserved 1073152K
  class space    used 3345K, capacity 3551K, committed 3584K, reserved 1048576K
}
Event: 4.994 GC heap before
{Heap before GC invocations=5 (full 0):
 garbage-first heap   total 112640K, used 71786K [0x0000000080000000, 0x0000000100000000)
  region size 1024K, 56 young (57344K), 4 survivors (4096K)
 Metaspace       used 31362K, capacity 32042K, committed 32128K, reserved 1077248K
  class space    used 4177K, capacity 4441K, committed 4480K, reserved 1048576K
}
Event: 5.001 GC heap after
{Heap after GC invocations=6 (full 0):
 garbage-first heap   total 112640K, used 20212K [0x0000000080000000, 0x0000000100000000)
  region size 1024K, 6 young (6144K), 6 survivors (6144K)
 Metaspace       used 31362K, capacity 32042K, committed 32128K, reserved 1077248K
  class space    used 4177K, capacity 4441K, committed 4480K, reserved 1048576K
}
Event: 5.295 GC heap before
{Heap before GC invocations=6 (full 0):
 garbage-first heap   total 112640K, used 30452K [0x0000000080000000, 0x0000000100000000)
  region size 1024K, 17 young (17408K), 6 survivors (6144K)
 Metaspace       used 35011K, capacity 35790K, committed 35840K, reserved 1081344K
  class space    used 4531K, capacity 4839K, committed 4864K, reserved 1048576K
}
Event: 5.303 GC heap after
{Heap after GC invocations=7 (full 0):
 garbage-first heap   total 112640K, used 22189K [0x0000000080000000, 0x0000000100000000)
  region size 1024K, 6 young (6144K), 6 survivors (6144K)
 Metaspace       used 35011K, capacity 35790K, committed 35840K, reserved 1081344K
  class space    used 4531K, capacity 4839K, committed 4864K, reserved 1048576K
}
Event: 5.908 GC heap before
{Heap before GC invocations=8 (full 0):
 garbage-first heap   total 112640K, used 79533K [0x0000000080000000, 0x0000000100000000)
  region size 1024K, 60 young (61440K), 6 survivors (6144K)
 Metaspace       used 39519K, capacity 40412K, committed 40524K, reserved 1085440K
  class space    used 5029K, capacity 5354K, committed 5452K, reserved 1048576K
}
Event: 5.924 GC heap after
{Heap after GC invocations=9 (full 0):
 garbage-first heap   total 112640K, used 27165K [0x0000000080000000, 0x0000000100000000)
  region size 1024K, 8 young (8192K), 8 survivors (8192K)
 Metaspace       used 39519K, capacity 40412K, committed 40524K, reserved 1085440K
  class space    used 5029K, capacity 5354K, committed 5452K, reserved 1048576K
}
Event: 6.692 GC heap before
{Heap before GC invocations=9 (full 0):
 garbage-first heap   total 112640K, used 82461K [0x0000000080000000, 0x0000000100000000)
  region size 1024K, 61 young (62464K), 8 survivors (8192K)
 Metaspace       used 44595K, capacity 45568K, committed 45772K, reserved 1089536K
  class space    used 5701K, capacity 6058K, committed 6092K, reserved 1048576K
}
Event: 6.702 GC heap after
{Heap after GC invocations=10 (full 0):
 garbage-first heap   total 135168K, used 29731K [0x0000000080000000, 0x0000000100000000)
  region size 1024K, 4 young (4096K), 4 survivors (4096K)
 Metaspace       used 44595K, capacity 45568K, committed 45772K, reserved 1089536K
  class space    used 5701K, capacity 6058K, committed 6092K, reserved 1048576K
}

