# JRE version: OpenJDK Runtime Environment (11.0.12+7) (build 11.0.12+7-b1504.28-7817840)
# Java VM: OpenJDK 64-Bit Server VM (11.0.12+7-b1504.28-7817840, mixed mode, tiered, compressed oops, g1 gc, windows-amd64)
Heap:
 garbage-first heap   total 112640K, used 70720K [0x0000000080000000, 0x0000000100000000)
  region size 1024K, 40 young (40960K), 4 survivors (4096K)
 Metaspace       used 51077K, capacity 52408K, committed 52684K, reserved 1095680K
  class space    used 6546K, capacity 7064K, committed 7168K, reserved 1048576K
GC Heap History (20 events):
Event: 1.189 GC heap before
{Heap before GC invocations=0 (full 0):
 garbage-first heap   total 112640K, used 29696K [0x0000000080000000, 0x0000000100000000)
  region size 1024K, 24 young (24576K), 0 survivors (0K)
 Metaspace       used 9814K, capacity 10024K, committed 10112K, reserved 1058816K
  class space    used 1009K, capacity 1069K, committed 1152K, reserved 1048576K
}
Event: 1.199 GC heap after
{Heap after GC invocations=1 (full 0):
 garbage-first heap   total 112640K, used 8959K [0x0000000080000000, 0x0000000100000000)
  region size 1024K, 3 young (3072K), 3 survivors (3072K)
 Metaspace       used 9814K, capacity 10024K, committed 10112K, reserved 1058816K
  class space    used 1009K, capacity 1069K, committed 1152K, reserved 1048576K
}
Event: 3.614 GC heap before
{Heap before GC invocations=1 (full 0):
 garbage-first heap   total 112640K, used 73471K [0x0000000080000000, 0x0000000100000000)
  region size 1024K, 66 young (67584K), 3 survivors (3072K)
 Metaspace       used 15866K, capacity 16189K, committed 16384K, reserved 1062912K
  class space    used 1800K, capacity 1931K, committed 2048K, reserved 1048576K
}
Event: 3.625 GC heap after
{Heap after GC invocations=2 (full 0):
 garbage-first heap   total 112640K, used 16364K [0x0000000080000000, 0x0000000100000000)
  region size 1024K, 9 young (9216K), 9 survivors (9216K)
 Metaspace       used 15866K, capacity 16189K, committed 16384K, reserved 1062912K
  class space    used 1800K, capacity 1931K, committed 2048K, reserved 1048576K
}
Event: 4.310 GC heap before
{Heap before GC invocations=2 (full 0):
 garbage-first heap   total 112640K, used 56300K [0x0000000080000000, 0x0000000100000000)
  region size 1024K, 49 young (50176K), 9 survivors (9216K)
 Metaspace       used 20742K, capacity 21139K, committed 21248K, reserved 1067008K
  class space    used 2538K, capacity 2710K, committed 2816K, reserved 1048576K
}
Event: 4.319 GC heap after
{Heap after GC invocations=3 (full 0):
 garbage-first heap   total 112640K, used 17366K [0x0000000080000000, 0x0000000100000000)
  region size 1024K, 2 young (2048K), 2 survivors (2048K)
 Metaspace       used 20742K, capacity 21139K, committed 21248K, reserved 1067008K
  class space    used 2538K, capacity 2710K, committed 2816K, reserved 1048576K
}
Event: 5.194 GC heap before
{Heap before GC invocations=4 (full 0):
 garbage-first heap   total 112640K, used 67542K [0x0000000080000000, 0x0000000100000000)
  region size 1024K, 51 young (52224K), 2 survivors (2048K)
 Metaspace       used 25959K, capacity 26455K, committed 26624K, reserved 1073152K
  class space    used 3349K, capacity 3551K, committed 3584K, reserved 1048576K
}
Event: 5.198 GC heap after
{Heap after GC invocations=5 (full 0):
 garbage-first heap   total 112640K, used 19102K [0x0000000080000000, 0x0000000100000000)
  region size 1024K, 4 young (4096K), 4 survivors (4096K)
 Metaspace       used 25959K, capacity 26455K, committed 26624K, reserved 1073152K
  class space    used 3349K, capacity 3551K, committed 3584K, reserved 1048576K
}
Event: 5.982 GC heap before
{Heap before GC invocations=5 (full 0):
 garbage-first heap   total 112640K, used 72350K [0x0000000080000000, 0x0000000100000000)
  region size 1024K, 56 young (57344K), 4 survivors (4096K)
 Metaspace       used 31534K, capacity 32266K, committed 32384K, reserved 1077248K
  class space    used 4204K, capacity 4473K, committed 4480K, reserved 1048576K
}
Event: 5.988 GC heap after
{Heap after GC invocations=6 (full 0):
 garbage-first heap   total 112640K, used 20815K [0x0000000080000000, 0x0000000100000000)
  region size 1024K, 5 young (5120K), 5 survivors (5120K)
 Metaspace       used 31534K, capacity 32266K, committed 32384K, reserved 1077248K
  class space    used 4204K, capacity 4473K, committed 4480K, reserved 1048576K
}
Event: 6.233 GC heap before
{Heap before GC invocations=6 (full 0):
 garbage-first heap   total 112640K, used 29007K [0x0000000080000000, 0x0000000100000000)
  region size 1024K, 14 young (14336K), 5 survivors (5120K)
 Metaspace       used 34997K, capacity 35790K, committed 35840K, reserved 1081344K
  class space    used 4531K, capacity 4839K, committed 4864K, reserved 1048576K
}
Event: 6.244 GC heap after
{Heap after GC invocations=7 (full 0):
 garbage-first heap   total 112640K, used 22509K [0x0000000080000000, 0x0000000100000000)
  region size 1024K, 6 young (6144K), 6 survivors (6144K)
 Metaspace       used 34997K, capacity 35790K, committed 35840K, reserved 1081344K
  class space    used 4531K, capacity 4839K, committed 4864K, reserved 1048576K
}
Event: 6.769 GC heap before
{Heap before GC invocations=8 (full 0):
 garbage-first heap   total 112640K, used 67565K [0x0000000080000000, 0x0000000100000000)
  region size 1024K, 48 young (49152K), 6 survivors (6144K)
 Metaspace       used 39176K, capacity 40174K, committed 40396K, reserved 1085440K
  class space    used 4974K, capacity 5317K, committed 5376K, reserved 1048576K
}
Event: 6.777 GC heap after
{Heap after GC invocations=9 (full 0):
 garbage-first heap   total 112640K, used 26414K [0x0000000080000000, 0x0000000100000000)
  region size 1024K, 6 young (6144K), 6 survivors (6144K)
 Metaspace       used 39176K, capacity 40174K, committed 40396K, reserved 1085440K
  class space    used 4974K, capacity 5317K, committed 5376K, reserved 1048576K
}
Event: 7.209 GC heap before
{Heap before GC invocations=9 (full 0):
 garbage-first heap   total 112640K, used 70446K [0x0000000080000000, 0x0000000100000000)
  region size 1024K, 49 young (50176K), 6 survivors (6144K)
 Metaspace       used 42262K, capacity 43220K, committed 43468K, reserved 1087488K
  class space    used 5433K, capacity 5789K, committed 5888K, reserved 1048576K
}
Event: 7.214 GC heap after
{Heap after GC invocations=10 (full 0):
 garbage-first heap   total 112640K, used 28455K [0x0000000080000000, 0x0000000100000000)
  region size 1024K, 3 young (3072K), 3 survivors (3072K)
 Metaspace       used 42262K, capacity 43220K, committed 43468K, reserved 1087488K
  class space    used 5433K, capacity 5789K, committed 5888K, reserved 1048576K
}
Event: 7.774 GC heap before
{Heap before GC invocations=10 (full 0):
 garbage-first heap   total 112640K, used 74535K [0x0000000080000000, 0x0000000100000000)
  region size 1024K, 48 young (49152K), 3 survivors (3072K)
 Metaspace       used 46308K, capacity 47383K, committed 47564K, reserved 1091584K
  class space    used 5950K, capacity 6323K, committed 6400K, reserved 1048576K
}
Event: 7.780 GC heap after
{Heap after GC invocations=11 (full 0):
 garbage-first heap   total 112640K, used 29633K [0x0000000080000000, 0x0000000100000000)
  region size 1024K, 4 young (4096K), 4 survivors (4096K)
 Metaspace       used 46308K, capacity 47383K, committed 47564K, reserved 1091584K
  class space    used 5950K, capacity 6323K, committed 6400K, reserved 1048576K
}
Event: 9.158 GC heap before
{Heap before GC invocations=11 (full 0):
 garbage-first heap   total 112640K, used 76737K [0x0000000080000000, 0x0000000100000000)
  region size 1024K, 51 young (52224K), 4 survivors (4096K)
 Metaspace       used 48622K, capacity 49882K, committed 49996K, reserved 1093632K
  class space    used 6225K, capacity 6726K, committed 6784K, reserved 1048576K
}
Event: 9.164 GC heap after
{Heap after GC invocations=12 (full 0):
 garbage-first heap   total 112640K, used 31808K [0x0000000080000000, 0x0000000100000000)
  region size 1024K, 4 young (4096K), 4 survivors (4096K)
 Metaspace       used 48622K, capacity 49882K, committed 49996K, reserved 1093632K
  class space    used 6225K, capacity 6726K, committed 6784K, reserved 1048576K
}

