# JRE version: OpenJDK Runtime Environment (11.0.12+7) (build 11.0.12+7-b1504.28-7817840)
# Java VM: OpenJDK 64-Bit Server VM (11.0.12+7-b1504.28-7817840, mixed mode, tiered, compressed oops, g1 gc, windows-amd64)
Heap:
 garbage-first heap   total 195584K, used 146350K [0x0000000080000000, 0x0000000100000000)
  region size 1024K, 7 young (7168K), 3 survivors (3072K)
 Metaspace       used 134472K, capacity 138517K, committed 140540K, reserved 1171456K
  class space    used 16936K, capacity 18438K, committed 19584K, reserved 1048576K
GC Heap History (20 events):
Event: 80.108 GC heap before
{Heap before GC invocations=54 (full 0):
 garbage-first heap   total 195584K, used 161049K [0x0000000080000000, 0x0000000100000000)
  region size 1024K, 31 young (31744K), 1 survivors (1024K)
 Metaspace       used 132385K, capacity 136065K, committed 139132K, reserved 1169408K
  class space    used 16721K, capacity 18107K, committed 19456K, reserved 1048576K
}
Event: 80.116 GC heap after
{Heap after GC invocations=55 (full 0):
 garbage-first heap   total 195584K, used 133604K [0x0000000080000000, 0x0000000100000000)
  region size 1024K, 3 young (3072K), 3 survivors (3072K)
 Metaspace       used 132385K, capacity 136065K, committed 139132K, reserved 1169408K
  class space    used 16721K, capacity 18107K, committed 19456K, reserved 1048576K
}
Event: 80.633 GC heap before
{Heap before GC invocations=56 (full 0):
 garbage-first heap   total 195584K, used 162276K [0x0000000080000000, 0x0000000100000000)
  region size 1024K, 32 young (32768K), 3 survivors (3072K)
 Metaspace       used 133090K, capacity 136906K, committed 139772K, reserved 1169408K
  class space    used 16809K, capacity 18272K, committed 19584K, reserved 1048576K
}
Event: 80.638 GC heap after
{Heap after GC invocations=57 (full 0):
 garbage-first heap   total 195584K, used 135229K [0x0000000080000000, 0x0000000100000000)
  region size 1024K, 2 young (2048K), 2 survivors (2048K)
 Metaspace       used 133090K, capacity 136906K, committed 139772K, reserved 1169408K
  class space    used 16809K, capacity 18272K, committed 19584K, reserved 1048576K
}
Event: 87.983 GC heap before
{Heap before GC invocations=57 (full 0):
 garbage-first heap   total 195584K, used 163901K [0x0000000080000000, 0x0000000100000000)
  region size 1024K, 31 young (31744K), 2 survivors (2048K)
 Metaspace       used 133660K, capacity 137539K, committed 140028K, reserved 1169408K
  class space    used 16881K, capacity 18349K, committed 19584K, reserved 1048576K
}
Event: 88.001 GC heap after
{Heap after GC invocations=58 (full 0):
 garbage-first heap   total 195584K, used 137962K [0x0000000080000000, 0x0000000100000000)
  region size 1024K, 4 young (4096K), 4 survivors (4096K)
 Metaspace       used 133660K, capacity 137539K, committed 140028K, reserved 1169408K
  class space    used 16881K, capacity 18349K, committed 19584K, reserved 1048576K
}
Event: 89.467 GC heap before
{Heap before GC invocations=59 (full 0):
 garbage-first heap   total 195584K, used 165610K [0x0000000080000000, 0x0000000100000000)
  region size 1024K, 32 young (32768K), 4 survivors (4096K)
 Metaspace       used 133972K, capacity 137914K, committed 140284K, reserved 1169408K
  class space    used 16900K, capacity 18378K, committed 19584K, reserved 1048576K
}
Event: 89.498 GC heap after
{Heap after GC invocations=60 (full 0):
 garbage-first heap   total 195584K, used 141486K [0x0000000080000000, 0x0000000100000000)
  region size 1024K, 4 young (4096K), 4 survivors (4096K)
 Metaspace       used 133972K, capacity 137914K, committed 140284K, reserved 1169408K
  class space    used 16900K, capacity 18378K, committed 19584K, reserved 1048576K
}
Event: 89.701 GC heap before
{Heap before GC invocations=60 (full 0):
 garbage-first heap   total 195584K, used 146606K [0x0000000080000000, 0x0000000100000000)
  region size 1024K, 9 young (9216K), 4 survivors (4096K)
 Metaspace       used 134051K, capacity 138035K, committed 140284K, reserved 1169408K
  class space    used 16910K, capacity 18395K, committed 19584K, reserved 1048576K
}
Event: 89.717 GC heap after
{Heap after GC invocations=61 (full 0):
 garbage-first heap   total 195584K, used 141673K [0x0000000080000000, 0x0000000100000000)
  region size 1024K, 1 young (1024K), 1 survivors (1024K)
 Metaspace       used 134051K, capacity 138035K, committed 140284K, reserved 1169408K
  class space    used 16910K, capacity 18395K, committed 19584K, reserved 1048576K
}
Event: 94.384 GC heap before
{Heap before GC invocations=61 (full 0):
 garbage-first heap   total 195584K, used 165225K [0x0000000080000000, 0x0000000100000000)
  region size 1024K, 25 young (25600K), 1 survivors (1024K)
 Metaspace       used 134105K, capacity 138044K, committed 140284K, reserved 1169408K
  class space    used 16913K, capacity 18398K, committed 19584K, reserved 1048576K
}
Event: 94.408 GC heap after
{Heap after GC invocations=62 (full 0):
 garbage-first heap   total 195584K, used 145783K [0x0000000080000000, 0x0000000100000000)
  region size 1024K, 4 young (4096K), 4 survivors (4096K)
 Metaspace       used 134105K, capacity 138044K, committed 140284K, reserved 1169408K
  class space    used 16913K, capacity 18398K, committed 19584K, reserved 1048576K
}
Event: 95.046 GC heap before
{Heap before GC invocations=63 (full 0):
 garbage-first heap   total 195584K, used 166263K [0x0000000080000000, 0x0000000100000000)
  region size 1024K, 25 young (25600K), 4 survivors (4096K)
 Metaspace       used 134183K, capacity 138140K, committed 140284K, reserved 1169408K
  class space    used 16919K, capacity 18407K, committed 19584K, reserved 1048576K
}
Event: 95.060 GC heap after
{Heap after GC invocations=64 (full 0):
 garbage-first heap   total 195584K, used 145990K [0x0000000080000000, 0x0000000100000000)
  region size 1024K, 1 young (1024K), 1 survivors (1024K)
 Metaspace       used 134183K, capacity 138140K, committed 140284K, reserved 1169408K
  class space    used 16919K, capacity 18407K, committed 19584K, reserved 1048576K
}
Event: 102.973 GC heap before
{Heap before GC invocations=64 (full 0):
 garbage-first heap   total 195584K, used 168518K [0x0000000080000000, 0x0000000100000000)
  region size 1024K, 9 young (9216K), 1 survivors (1024K)
 Metaspace       used 134239K, capacity 138215K, committed 140540K, reserved 1171456K
  class space    used 16920K, capacity 18408K, committed 19584K, reserved 1048576K
}
Event: 103.001 GC heap after
{Heap after GC invocations=65 (full 0):
 garbage-first heap   total 195584K, used 137910K [0x0000000080000000, 0x0000000100000000)
  region size 1024K, 1 young (1024K), 1 survivors (1024K)
 Metaspace       used 134239K, capacity 138215K, committed 140540K, reserved 1171456K
  class space    used 16920K, capacity 18408K, committed 19584K, reserved 1048576K
}
Event: 103.687 GC heap before
{Heap before GC invocations=65 (full 0):
 garbage-first heap   total 195584K, used 164534K [0x0000000080000000, 0x0000000100000000)
  region size 1024K, 28 young (28672K), 1 survivors (1024K)
 Metaspace       used 134313K, capacity 138286K, committed 140540K, reserved 1171456K
  class space    used 16921K, capacity 18409K, committed 19584K, reserved 1048576K
}
Event: 103.711 GC heap after
{Heap after GC invocations=66 (full 0):
 garbage-first heap   total 195584K, used 142110K [0x0000000080000000, 0x0000000100000000)
  region size 1024K, 4 young (4096K), 4 survivors (4096K)
 Metaspace       used 134313K, capacity 138286K, committed 140540K, reserved 1171456K
  class space    used 16921K, capacity 18409K, committed 19584K, reserved 1048576K
}
Event: 104.251 GC heap before
{Heap before GC invocations=67 (full 0):
 garbage-first heap   total 195584K, used 165662K [0x0000000080000000, 0x0000000100000000)
  region size 1024K, 28 young (28672K), 4 survivors (4096K)
 Metaspace       used 134447K, capacity 138504K, committed 140540K, reserved 1171456K
  class space    used 16935K, capacity 18436K, committed 19584K, reserved 1048576K
}
Event: 104.263 GC heap after
{Heap after GC invocations=68 (full 0):
 garbage-first heap   total 195584K, used 144302K [0x0000000080000000, 0x0000000100000000)
  region size 1024K, 3 young (3072K), 3 survivors (3072K)
 Metaspace       used 134447K, capacity 138504K, committed 140540K, reserved 1171456K
  class space    used 16935K, capacity 18436K, committed 19584K, reserved 1048576K
}

