# JRE version: OpenJDK Runtime Environment (11.0.12+7) (build 11.0.12+7-b1504.28-7817840)
# Java VM: OpenJDK 64-Bit Server VM (11.0.12+7-b1504.28-7817840, mixed mode, tiered, compressed oops, g1 gc, windows-amd64)
Heap:
 garbage-first heap   total 235520K, used 132892K [0x0000000080000000, 0x0000000100000000)
  region size 1024K, 17 young (17408K), 6 survivors (6144K)
 Metaspace       used 98161K, capacity 100959K, committed 101248K, reserved 1142784K
  class space    used 12566K, capacity 13586K, committed 13696K, reserved 1048576K
GC Heap History (20 events):
Event: 16.407 GC heap before
{Heap before GC invocations=34 (full 0):
 garbage-first heap   total 162816K, used 132499K [0x0000000080000000, 0x0000000100000000)
  region size 1024K, 25 young (25600K), 1 survivors (1024K)
 Metaspace       used 88181K, capacity 90577K, committed 90752K, reserved 1128448K
  class space    used 11470K, capacity 12345K, committed 12416K, reserved 1048576K
}
Event: 16.410 GC heap after
{Heap after GC invocations=35 (full 0):
 garbage-first heap   total 195584K, used 107664K [0x0000000080000000, 0x0000000100000000)
  region size 1024K, 1 young (1024K), 1 survivors (1024K)
 Metaspace       used 88181K, capacity 90577K, committed 90752K, reserved 1128448K
  class space    used 11470K, capacity 12345K, committed 12416K, reserved 1048576K
}
Event: 16.615 GC heap before
{Heap before GC invocations=35 (full 0):
 garbage-first heap   total 195584K, used 147600K [0x0000000080000000, 0x0000000100000000)
  region size 1024K, 40 young (40960K), 1 survivors (1024K)
 Metaspace       used 88184K, capacity 90578K, committed 90752K, reserved 1128448K
  class space    used 11470K, capacity 12345K, committed 12416K, reserved 1048576K
}
Event: 16.617 GC heap after
{Heap after GC invocations=36 (full 0):
 garbage-first heap   total 195584K, used 107862K [0x0000000080000000, 0x0000000100000000)
  region size 1024K, 1 young (1024K), 1 survivors (1024K)
 Metaspace       used 88184K, capacity 90578K, committed 90752K, reserved 1128448K
  class space    used 11470K, capacity 12345K, committed 12416K, reserved 1048576K
}
Event: 16.846 GC heap before
{Heap before GC invocations=37 (full 0):
 garbage-first heap   total 195584K, used 150870K [0x0000000080000000, 0x0000000100000000)
  region size 1024K, 43 young (44032K), 1 survivors (1024K)
 Metaspace       used 88186K, capacity 90578K, committed 90752K, reserved 1128448K
  class space    used 11470K, capacity 12345K, committed 12416K, reserved 1048576K
}
Event: 16.848 GC heap after
{Heap after GC invocations=38 (full 0):
 garbage-first heap   total 195584K, used 107835K [0x0000000080000000, 0x0000000100000000)
  region size 1024K, 1 young (1024K), 1 survivors (1024K)
 Metaspace       used 88186K, capacity 90578K, committed 90752K, reserved 1128448K
  class space    used 11470K, capacity 12345K, committed 12416K, reserved 1048576K
}
Event: 17.052 GC heap before
{Heap before GC invocations=38 (full 0):
 garbage-first heap   total 195584K, used 152891K [0x0000000080000000, 0x0000000100000000)
  region size 1024K, 45 young (46080K), 1 survivors (1024K)
 Metaspace       used 88202K, capacity 90578K, committed 90752K, reserved 1128448K
  class space    used 11472K, capacity 12345K, committed 12416K, reserved 1048576K
}
Event: 17.055 GC heap after
{Heap after GC invocations=39 (full 0):
 garbage-first heap   total 195584K, used 108020K [0x0000000080000000, 0x0000000100000000)
  region size 1024K, 1 young (1024K), 1 survivors (1024K)
 Metaspace       used 88202K, capacity 90578K, committed 90752K, reserved 1128448K
  class space    used 11472K, capacity 12345K, committed 12416K, reserved 1048576K
}
Event: 17.240 GC heap before
{Heap before GC invocations=40 (full 0):
 garbage-first heap   total 195584K, used 155124K [0x0000000080000000, 0x0000000100000000)
  region size 1024K, 47 young (48128K), 1 survivors (1024K)
 Metaspace       used 88203K, capacity 90578K, committed 90752K, reserved 1128448K
  class space    used 11472K, capacity 12345K, committed 12416K, reserved 1048576K
}
Event: 17.241 GC heap after
{Heap after GC invocations=41 (full 0):
 garbage-first heap   total 195584K, used 108009K [0x0000000080000000, 0x0000000100000000)
  region size 1024K, 1 young (1024K), 1 survivors (1024K)
 Metaspace       used 88203K, capacity 90578K, committed 90752K, reserved 1128448K
  class space    used 11472K, capacity 12345K, committed 12416K, reserved 1048576K
}
Event: 18.618 GC heap before
{Heap before GC invocations=41 (full 0):
 garbage-first heap   total 195584K, used 156137K [0x0000000080000000, 0x0000000100000000)
  region size 1024K, 49 young (50176K), 1 survivors (1024K)
 Metaspace       used 91077K, capacity 93456K, committed 93568K, reserved 1130496K
  class space    used 11756K, capacity 12591K, committed 12672K, reserved 1048576K
}
Event: 18.629 GC heap after
{Heap after GC invocations=42 (full 0):
 garbage-first heap   total 195584K, used 109226K [0x0000000080000000, 0x0000000100000000)
  region size 1024K, 4 young (4096K), 4 survivors (4096K)
 Metaspace       used 91077K, capacity 93456K, committed 93568K, reserved 1130496K
  class space    used 11756K, capacity 12591K, committed 12672K, reserved 1048576K
}
Event: 19.641 GC heap before
{Heap before GC invocations=43 (full 0):
 garbage-first heap   total 195584K, used 157354K [0x0000000080000000, 0x0000000100000000)
  region size 1024K, 52 young (53248K), 4 survivors (4096K)
 Metaspace       used 92054K, capacity 94465K, committed 94592K, reserved 1130496K
  class space    used 11815K, capacity 12668K, committed 12672K, reserved 1048576K
}
Event: 19.648 GC heap after
{Heap after GC invocations=44 (full 0):
 garbage-first heap   total 195584K, used 111330K [0x0000000080000000, 0x0000000100000000)
  region size 1024K, 6 young (6144K), 6 survivors (6144K)
 Metaspace       used 92054K, capacity 94465K, committed 94592K, reserved 1130496K
  class space    used 11815K, capacity 12668K, committed 12672K, reserved 1048576K
}
Event: 20.543 GC heap before
{Heap before GC invocations=44 (full 0):
 garbage-first heap   total 195584K, used 160482K [0x0000000080000000, 0x0000000100000000)
  region size 1024K, 54 young (55296K), 6 survivors (6144K)
 Metaspace       used 93985K, capacity 96492K, committed 96768K, reserved 1132544K
  class space    used 12056K, capacity 12993K, committed 13056K, reserved 1048576K
}
Event: 20.555 GC heap after
{Heap after GC invocations=45 (full 0):
 garbage-first heap   total 195584K, used 114307K [0x0000000080000000, 0x0000000100000000)
  region size 1024K, 6 young (6144K), 6 survivors (6144K)
 Metaspace       used 93985K, capacity 96492K, committed 96768K, reserved 1132544K
  class space    used 12056K, capacity 12993K, committed 13056K, reserved 1048576K
}
Event: 48.795 GC heap before
{Heap before GC invocations=46 (full 0):
 garbage-first heap   total 195584K, used 162435K [0x0000000080000000, 0x0000000100000000)
  region size 1024K, 53 young (54272K), 6 survivors (6144K)
 Metaspace       used 96213K, capacity 98912K, committed 99072K, reserved 1134592K
  class space    used 12314K, capacity 13292K, committed 13312K, reserved 1048576K
}
Event: 48.883 GC heap after
{Heap after GC invocations=47 (full 0):
 garbage-first heap   total 195584K, used 118281K [0x0000000080000000, 0x0000000100000000)
  region size 1024K, 7 young (7168K), 7 survivors (7168K)
 Metaspace       used 96213K, capacity 98912K, committed 99072K, reserved 1134592K
  class space    used 12314K, capacity 13292K, committed 13312K, reserved 1048576K
}
Event: 52.302 GC heap before
{Heap before GC invocations=47 (full 0):
 garbage-first heap   total 195584K, used 162313K [0x0000000080000000, 0x0000000100000000)
  region size 1024K, 51 young (52224K), 7 survivors (7168K)
 Metaspace       used 97962K, capacity 100736K, committed 100992K, reserved 1136640K
  class space    used 12547K, capacity 13584K, committed 13696K, reserved 1048576K
}
Event: 52.358 GC heap after
{Heap after GC invocations=48 (full 0):
 garbage-first heap   total 235520K, used 123676K [0x0000000080000000, 0x0000000100000000)
  region size 1024K, 6 young (6144K), 6 survivors (6144K)
 Metaspace       used 97962K, capacity 100736K, committed 100992K, reserved 1136640K
  class space    used 12547K, capacity 13584K, committed 13696K, reserved 1048576K
}

